<?xml version="1.0" encoding="UTF-8"?>
<testng-results ignored="0" total="10" passed="10" failed="0" skipped="0">
  <reporter-output>
  </reporter-output>
  <suite started-at="2024-03-01T16:55:41 IST" name="Suite" finished-at="2024-03-01T16:57:32 IST" duration-ms="110108">
    <groups>
    </groups>
    <test started-at="2024-03-01T16:55:41 IST" name="Test" finished-at="2024-03-01T16:57:32 IST" duration-ms="110108">
      <class name="testCases.TestCase">
        <test-method is-config="true" signature="openUrl(java.lang.String,java.lang.String)[pri:0, instance:testCases.TestCase@747ddf94]" started-at="2024-03-01T16:55:42 IST" name="openUrl" finished-at="2024-03-01T16:56:05 IST" duration-ms="22621" status="PASS">
          <params>
            <param index="0">
              <value>
                <![CDATA[windows]]>
              </value>
            </param>
            <param index="1">
              <value>
                <![CDATA[chrome]]>
              </value>
            </param>
          </params>
          <reporter-output>
          </reporter-output>
        </test-method> <!-- openUrl -->
        <test-method signature="validatTravelInsunce()[pri:1, instance:testCases.TestCase@747ddf94]" started-at="2024-03-01T16:56:05 IST" name="validatTravelInsunce" finished-at="2024-03-01T16:56:06 IST" duration-ms="1363" status="PASS">
          <reporter-output>
          </reporter-output>
        </test-method> <!-- validatTravelInsunce -->
        <test-method signature="travelDetails()[pri:2, instance:testCases.TestCase@747ddf94]" started-at="2024-03-01T16:56:06 IST" name="travelDetails" finished-at="2024-03-01T16:56:15 IST" duration-ms="8775" status="PASS">
          <reporter-output>
          </reporter-output>
        </test-method> <!-- travelDetails -->
        <test-method signature="studentDataVerify()[pri:3, instance:testCases.TestCase@747ddf94]" started-at="2024-03-01T16:56:15 IST" name="studentDataVerify" finished-at="2024-03-01T16:56:20 IST" duration-ms="4722" status="PASS">
          <reporter-output>
          </reporter-output>
        </test-method> <!-- studentDataVerify -->
        <test-method signature="dataSort()[pri:4, instance:testCases.TestCase@747ddf94]" started-at="2024-03-01T16:56:20 IST" name="dataSort" finished-at="2024-03-01T16:56:33 IST" duration-ms="13027" status="PASS">
          <reporter-output>
          </reporter-output>
        </test-method> <!-- dataSort -->
        <test-method signature="StudentPlanDetails()[pri:5, instance:testCases.TestCase@747ddf94]" started-at="2024-03-01T16:56:33 IST" name="StudentPlanDetails" finished-at="2024-03-01T16:56:35 IST" duration-ms="2273" status="PASS">
          <reporter-output>
          </reporter-output>
        </test-method> <!-- StudentPlanDetails -->
        <test-method signature="CarInsurenceDetails()[pri:6, instance:testCases.TestCase@747ddf94]" started-at="2024-03-01T16:56:35 IST" name="CarInsurenceDetails" finished-at="2024-03-01T16:56:45 IST" duration-ms="9938" status="PASS">
          <reporter-output>
          </reporter-output>
        </test-method> <!-- CarInsurenceDetails -->
        <test-method signature="errorMessageValidate()[pri:7, instance:testCases.TestCase@747ddf94]" started-at="2024-03-01T16:56:45 IST" name="errorMessageValidate" finished-at="2024-03-01T16:56:46 IST" duration-ms="1594" status="PASS">
          <reporter-output>
          </reporter-output>
        </test-method> <!-- errorMessageValidate -->
        <test-method signature="correctDatailValidation()[pri:8, instance:testCases.TestCase@747ddf94]" started-at="2024-03-01T16:56:46 IST" name="correctDatailValidation" finished-at="2024-03-01T16:56:51 IST" duration-ms="4472" status="PASS">
          <reporter-output>
          </reporter-output>
        </test-method> <!-- correctDatailValidation -->
        <test-method signature="HealthInsurancePlan()[pri:9, instance:testCases.TestCase@747ddf94]" started-at="2024-03-01T16:56:51 IST" name="HealthInsurancePlan" finished-at="2024-03-01T16:57:06 IST" duration-ms="14594" status="PASS">
          <reporter-output>
          </reporter-output>
        </test-method> <!-- HealthInsurancePlan -->
        <test-method signature="allHealthInsurance()[pri:10, instance:testCases.TestCase@747ddf94]" started-at="2024-03-01T16:57:06 IST" name="allHealthInsurance" finished-at="2024-03-01T16:57:30 IST" duration-ms="24557" status="PASS">
          <reporter-output>
          </reporter-output>
        </test-method> <!-- allHealthInsurance -->
        <test-method is-config="true" signature="closeBowser()[pri:0, instance:testCases.TestCase@747ddf94]" started-at="2024-03-01T16:57:30 IST" name="closeBowser" finished-at="2024-03-01T16:57:32 IST" duration-ms="1446" status="PASS">
          <reporter-output>
          </reporter-output>
        </test-method> <!-- closeBowser -->
      </class> <!-- testCases.TestCase -->
    </test> <!-- Test -->
  </suite> <!-- Suite -->
</testng-results>
